<?xml version="1.0" encoding="UTF-8"?>
<testsuites tests="12" failures="6" disabled="0" errors="0" timestamp="2018-11-21T05:16:02" time="1.237" name="AllTests">
  <testsuite name="TestEnv_Any" tests="12" failures="6" disabled="0" errors="0" time="1.237">
    <testcase name="TestTransfer_Connect_Send_Symmetric" status="run" time="0.025" classname="TestEnv_Any" />
    <testcase name="TestTransfer_Connect_Send_EOF" status="run" time="0.026" classname="TestEnv_Any" />
    <testcase name="TestTransfer_Connect_Recv_Symmetric" status="run" time="0.161" classname="TestEnv_Any" />
    <testcase name="TestTransfer_Connect_Recv_EOF" status="run" time="0.16" classname="TestEnv_Any" />
    <testcase name="TestTransfer_Connect_Recv_SmallBuffer1" status="run" time="0.165" classname="TestEnv_Any" />
    <testcase name="TestTransfer_Connect_Recv_SmallBuffer2" status="run" time="0.195" classname="TestEnv_Any" />
    <testcase name="TestTransfer_Accept_Send_Symmetric" status="run" time="0.01" classname="TestEnv_Any">
      <failure message="testtransfer.cpp:156&#x0A;Value of: total_size&#x0A;  Actual: 51200&#x0A;Expected: expect_size&#x0A;Which is: 131072" type=""><![CDATA[testtransfer.cpp:156
Value of: total_size
  Actual: 51200
Expected: expect_size
Which is: 131072]]></failure>
      <failure message="testtransfer.cpp:273&#x0A;Value of: total_size&#x0A;  Actual: 51200&#x0A;Expected: expect_size&#x0A;Which is: 131072" type=""><![CDATA[testtransfer.cpp:273
Value of: total_size
  Actual: 51200
Expected: expect_size
Which is: 131072]]></failure>
    </testcase>
    <testcase name="TestTransfer_Accept_Send_EOF" status="run" time="0.012" classname="TestEnv_Any">
      <failure message="testtransfer.cpp:156&#x0A;Value of: total_size&#x0A;  Actual: 51200&#x0A;Expected: expect_size&#x0A;Which is: 131072" type=""><![CDATA[testtransfer.cpp:156
Value of: total_size
  Actual: 51200
Expected: expect_size
Which is: 131072]]></failure>
      <failure message="testtransfer.cpp:273&#x0A;Value of: total_size&#x0A;  Actual: 51200&#x0A;Expected: expect_size&#x0A;Which is: 131072" type=""><![CDATA[testtransfer.cpp:273
Value of: total_size
  Actual: 51200
Expected: expect_size
Which is: 131072]]></failure>
    </testcase>
    <testcase name="TestTransfer_Accept_Recv_Symmetric" status="run" time="0.122" classname="TestEnv_Any">
      <failure message="testtransfer.cpp:156&#x0A;Value of: total_size&#x0A;  Actual: 0&#x0A;Expected: expect_size&#x0A;Which is: 131072" type=""><![CDATA[testtransfer.cpp:156
Value of: total_size
  Actual: 0
Expected: expect_size
Which is: 131072]]></failure>
      <failure message="testtransfer.cpp:273&#x0A;Value of: total_size&#x0A;  Actual: 0&#x0A;Expected: expect_size&#x0A;Which is: 131072" type=""><![CDATA[testtransfer.cpp:273
Value of: total_size
  Actual: 0
Expected: expect_size
Which is: 131072]]></failure>
    </testcase>
    <testcase name="TestTransfer_Accept_Recv_EOF" status="run" time="0.123" classname="TestEnv_Any">
      <failure message="testtransfer.cpp:156&#x0A;Value of: total_size&#x0A;  Actual: 0&#x0A;Expected: expect_size&#x0A;Which is: 131072" type=""><![CDATA[testtransfer.cpp:156
Value of: total_size
  Actual: 0
Expected: expect_size
Which is: 131072]]></failure>
      <failure message="testtransfer.cpp:273&#x0A;Value of: total_size&#x0A;  Actual: 0&#x0A;Expected: expect_size&#x0A;Which is: 131072" type=""><![CDATA[testtransfer.cpp:273
Value of: total_size
  Actual: 0
Expected: expect_size
Which is: 131072]]></failure>
    </testcase>
    <testcase name="TestTransfer_Accept_Recv_SmallBuffer1" status="run" time="0.123" classname="TestEnv_Any">
      <failure message="testtransfer.cpp:156&#x0A;Value of: total_size&#x0A;  Actual: 0&#x0A;Expected: expect_size&#x0A;Which is: 131072" type=""><![CDATA[testtransfer.cpp:156
Value of: total_size
  Actual: 0
Expected: expect_size
Which is: 131072]]></failure>
      <failure message="testtransfer.cpp:273&#x0A;Value of: total_size&#x0A;  Actual: 0&#x0A;Expected: expect_size&#x0A;Which is: 131072" type=""><![CDATA[testtransfer.cpp:273
Value of: total_size
  Actual: 0
Expected: expect_size
Which is: 131072]]></failure>
    </testcase>
    <testcase name="TestTransfer_Accept_Recv_SmallBuffer2" status="run" time="0.114" classname="TestEnv_Any">
      <failure message="testtransfer.cpp:156&#x0A;Value of: total_size&#x0A;  Actual: 0&#x0A;Expected: expect_size&#x0A;Which is: 64819" type=""><![CDATA[testtransfer.cpp:156
Value of: total_size
  Actual: 0
Expected: expect_size
Which is: 64819]]></failure>
      <failure message="testtransfer.cpp:273&#x0A;Value of: total_size&#x0A;  Actual: 53&#x0A;Expected: expect_size&#x0A;Which is: 64819" type=""><![CDATA[testtransfer.cpp:273
Value of: total_size
  Actual: 53
Expected: expect_size
Which is: 64819]]></failure>
    </testcase>
  </testsuite>
</testsuites>
